[15:23:01.725] Global cache location '/Users/samuelbanya/Library/Caches/typescript/4.7', safe file path '/users/samuelbanya/.nvm/versions/node/v16.14.2/lib/node_modules/typescript/lib/typingsafelist.json', types map path /users/samuelbanya/.nvm/versions/node/v16.14.2/lib/node_modules/typescript/lib/typesmap.json
[15:23:01.727] Processing cache location '/Users/samuelbanya/Library/Caches/typescript/4.7'
[15:23:01.727] Trying to find '/Users/samuelbanya/Library/Caches/typescript/4.7/package.json'...
[15:23:01.729] Loaded content of '/Users/samuelbanya/Library/Caches/typescript/4.7/package.json': {"private":true,"dependencies":{"types-registry":"^0.1.600"},"devDependencies":{"@types/aria-query":"^5.0.0","@types/jest":"^28.1.4","@types/mocha":"^9.1.1","@types/node":"^18.0.0","@types/object-assign":"^4.0.30","@types/react":"^18.0.15","@types/react-dom":"^18.0.6","@types/testing-library__jest-dom":"^5.14.5","@types/uuid":"^8.3.4"}}
[15:23:01.729] Loaded content of '/Users/samuelbanya/Library/Caches/typescript/4.7/package-lock.json'
[15:23:01.741] Adding entry into typings cache: 'aria-query' => '/Users/samuelbanya/Library/Caches/typescript/4.7/node_modules/@types/aria-query/index.d.ts'
[15:23:01.745] Adding entry into typings cache: 'jest' => '/Users/samuelbanya/Library/Caches/typescript/4.7/node_modules/@types/jest/index.d.ts'
[15:23:01.749] Adding entry into typings cache: 'mocha' => '/Users/samuelbanya/Library/Caches/typescript/4.7/node_modules/@types/mocha/index.d.ts'
[15:23:01.756] Adding entry into typings cache: 'node' => '/Users/samuelbanya/Library/Caches/typescript/4.7/node_modules/@types/node/index.d.ts'
[15:23:01.757] Adding entry into typings cache: 'object-assign' => '/Users/samuelbanya/Library/Caches/typescript/4.7/node_modules/@types/object-assign/index.d.ts'
[15:23:01.761] Adding entry into typings cache: 'react' => '/Users/samuelbanya/Library/Caches/typescript/4.7/node_modules/@types/react/index.d.ts'
[15:23:01.763] Adding entry into typings cache: 'react-dom' => '/Users/samuelbanya/Library/Caches/typescript/4.7/node_modules/@types/react-dom/index.d.ts'
[15:23:01.766] Adding entry into typings cache: 'testing-library__jest-dom' => '/Users/samuelbanya/Library/Caches/typescript/4.7/node_modules/@types/testing-library__jest-dom/index.d.ts'
[15:23:01.770] Adding entry into typings cache: 'uuid' => '/Users/samuelbanya/Library/Caches/typescript/4.7/node_modules/@types/uuid/index.d.ts'
[15:23:01.770] Finished processing cache location '/Users/samuelbanya/Library/Caches/typescript/4.7'
[15:23:01.771] Process id: 9557
[15:23:01.771] NPM location: /Users/samuelbanya/.nvm/versions/node/v16.14.2/bin/npm (explicit '--npmLocation' not  provided)
[15:23:01.771] validateDefaultNpmLocation: false
[15:23:01.771] Npm config file: /Users/samuelbanya/Library/Caches/typescript/4.7/package.json
[15:23:01.771] Updating types-registry npm package...
[15:23:01.772] Exec: /Users/samuelbanya/.nvm/versions/node/v16.14.2/bin/npm install --ignore-scripts types-registry@latest
[15:23:05.932]     Succeeded. stdout:
    
    up to date, audited 30 packages in 4s

3 packages are looking for funding
  run `npm fund` for details

found 0 vulnerabilities

[15:23:05.933] Updated types-registry npm package
[15:23:05.960] Got install request {"projectName":"/dev/null/inferredProject1*","fileNames":["/Users/samuelbanya/.nvm/versions/node/v16.14.2/lib/node_modules/typescript/lib/lib.es5.d.ts","/Users/samuelbanya/.nvm/versions/node/v16.14.2/lib/node_modules/typescript/lib/lib.es2015.d.ts","/Users/samuelbanya/.nvm/versions/node/v16.14.2/lib/node_modules/typescript/lib/lib.es2016.d.ts","/Users/samuelbanya/.nvm/versions/node/v16.14.2/lib/node_modules/typescript/lib/lib.dom.d.ts","/Users/samuelbanya/.nvm/versions/node/v16.14.2/lib/node_modules/typescript/lib/lib.dom.iterable.d.ts","/Users/samuelbanya/.nvm/versions/node/v16.14.2/lib/node_modules/typescript/lib/lib.webworker.importscripts.d.ts","/Users/samuelbanya/.nvm/versions/node/v16.14.2/lib/node_modules/typescript/lib/lib.scripthost.d.ts","/Users/samuelbanya/.nvm/versions/node/v16.14.2/lib/node_modules/typescript/lib/lib.es2015.core.d.ts","/Users/samuelbanya/.nvm/versions/node/v16.14.2/lib/node_modules/typescript/lib/lib.es2015.collection.d.ts","/Users/samuelbanya/.nvm/versions/node/v16.14.2/lib/node_modules/typescript/lib/lib.es2015.generator.d.ts","/Users/samuelbanya/.nvm/versions/node/v16.14.2/lib/node_modules/typescript/lib/lib.es2015.iterable.d.ts","/Users/samuelbanya/.nvm/versions/node/v16.14.2/lib/node_modules/typescript/lib/lib.es2015.promise.d.ts","/Users/samuelbanya/.nvm/versions/node/v16.14.2/lib/node_modules/typescript/lib/lib.es2015.proxy.d.ts","/Users/samuelbanya/.nvm/versions/node/v16.14.2/lib/node_modules/typescript/lib/lib.es2015.reflect.d.ts","/Users/samuelbanya/.nvm/versions/node/v16.14.2/lib/node_modules/typescript/lib/lib.es2015.symbol.d.ts","/Users/samuelbanya/.nvm/versions/node/v16.14.2/lib/node_modules/typescript/lib/lib.es2015.symbol.wellknown.d.ts","/Users/samuelbanya/.nvm/versions/node/v16.14.2/lib/node_modules/typescript/lib/lib.es2016.array.include.d.ts","/Users/samuelbanya/.nvm/versions/node/v16.14.2/lib/node_modules/typescript/lib/lib.es2016.full.d.ts","/Users/samuelbanya/hub/Development/code/phase-2/react-hooks-fetch-crud-lab/src/components/AdminNavBar.js","/Users/samuelbanya/hub/Development/code/phase-2/react-hooks-fetch-crud-lab/src/components/QuestionForm.js","/Users/samuelbanya/hub/Development/code/phase-2/react-hooks-fetch-crud-lab/src/components/QuestionList.js","/Users/samuelbanya/hub/Development/code/phase-2/react-hooks-fetch-crud-lab/src/components/App.js"],"compilerOptions":{"module":1,"target":3,"jsx":1,"allowJs":true,"allowSyntheticDefaultImports":true,"allowNonTsExtensions":true,"noEmitForJsFiles":true,"maxNodeModuleJsDepth":2},"typeAcquisition":{"enable":true,"include":[],"exclude":[]},"unresolvedImports":[],"projectRootPath":"/Users/samuelbanya/hub/Development/code/phase-2/react-hooks-fetch-crud-lab/src/components","kind":"discover"}
[15:23:05.968] Loaded safelist from types map file '/users/samuelbanya/.nvm/versions/node/v16.14.2/lib/node_modules/typescript/lib/typesmap.json'
[15:23:05.969] Explicitly included types: []
[15:23:05.970] Inferred typings from unresolved imports: []
[15:23:05.970] Result: {"cachedTypingPaths":[],"newTypingNames":[],"filesToWatch":["/Users/samuelbanya/hub/Development/code/phase-2/react-hooks-fetch-crud-lab/src/components/bower_components","/Users/samuelbanya/hub/Development/code/phase-2/react-hooks-fetch-crud-lab/src/components/node_modules"]}
[15:23:05.970] Finished typings discovery: {"cachedTypingPaths":[],"newTypingNames":[],"filesToWatch":["/Users/samuelbanya/hub/Development/code/phase-2/react-hooks-fetch-crud-lab/src/components/bower_components","/Users/samuelbanya/hub/Development/code/phase-2/react-hooks-fetch-crud-lab/src/components/node_modules"]}
[15:23:05.971] DirectoryWatcher:: Added:: WatchInfo: /Users/samuelbanya/hub/Development/code/phase-2/react-hooks-fetch-crud-lab/src/components/bower_components
[15:23:05.971] DirectoryWatcher:: Added:: WatchInfo: /Users/samuelbanya/hub/Development/code/phase-2/react-hooks-fetch-crud-lab/src/components/bower_components 1 undefined Project: /dev/null/inferredProject1* watcher already invoked: false
[15:23:05.972] Elapsed:: 0.7928030006587505ms DirectoryWatcher:: Added:: WatchInfo: /Users/samuelbanya/hub/Development/code/phase-2/react-hooks-fetch-crud-lab/src/components/bower_components 1 undefined Project: /dev/null/inferredProject1* watcher already invoked: false
[15:23:05.972] DirectoryWatcher:: Added:: WatchInfo: /Users/samuelbanya/hub/Development/code/phase-2/react-hooks-fetch-crud-lab/src/components/node_modules
[15:23:05.973] DirectoryWatcher:: Added:: WatchInfo: /Users/samuelbanya/hub/Development/code/phase-2/react-hooks-fetch-crud-lab/src/components/node_modules 1 undefined Project: /dev/null/inferredProject1* watcher already invoked: false
[15:23:05.973] Elapsed:: 0.07305999845266342ms DirectoryWatcher:: Added:: WatchInfo: /Users/samuelbanya/hub/Development/code/phase-2/react-hooks-fetch-crud-lab/src/components/node_modules 1 undefined Project: /dev/null/inferredProject1* watcher already invoked: false
[15:23:05.973] Sending response:
    {"projectName":"/dev/null/inferredProject1*","typeAcquisition":{"enable":true,"include":[],"exclude":[]},"compilerOptions":{"module":1,"target":3,"jsx":1,"allowJs":true,"allowSyntheticDefaultImports":true,"allowNonTsExtensions":true,"noEmitForJsFiles":true,"maxNodeModuleJsDepth":2},"typings":[],"unresolvedImports":[],"kind":"action::set"}
[15:23:05.973] Response has been sent.
[15:23:05.974] No new typings were requested as a result of typings discovery
[15:25:13.985] Got install request {"projectName":"/dev/null/inferredProject2*","fileNames":["/Users/samuelbanya/.nvm/versions/node/v16.14.2/lib/node_modules/typescript/lib/lib.es5.d.ts","/Users/samuelbanya/.nvm/versions/node/v16.14.2/lib/node_modules/typescript/lib/lib.es2015.d.ts","/Users/samuelbanya/.nvm/versions/node/v16.14.2/lib/node_modules/typescript/lib/lib.es2016.d.ts","/Users/samuelbanya/.nvm/versions/node/v16.14.2/lib/node_modules/typescript/lib/lib.dom.d.ts","/Users/samuelbanya/.nvm/versions/node/v16.14.2/lib/node_modules/typescript/lib/lib.dom.iterable.d.ts","/Users/samuelbanya/.nvm/versions/node/v16.14.2/lib/node_modules/typescript/lib/lib.webworker.importscripts.d.ts","/Users/samuelbanya/.nvm/versions/node/v16.14.2/lib/node_modules/typescript/lib/lib.scripthost.d.ts","/Users/samuelbanya/.nvm/versions/node/v16.14.2/lib/node_modules/typescript/lib/lib.es2015.core.d.ts","/Users/samuelbanya/.nvm/versions/node/v16.14.2/lib/node_modules/typescript/lib/lib.es2015.collection.d.ts","/Users/samuelbanya/.nvm/versions/node/v16.14.2/lib/node_modules/typescript/lib/lib.es2015.generator.d.ts","/Users/samuelbanya/.nvm/versions/node/v16.14.2/lib/node_modules/typescript/lib/lib.es2015.iterable.d.ts","/Users/samuelbanya/.nvm/versions/node/v16.14.2/lib/node_modules/typescript/lib/lib.es2015.promise.d.ts","/Users/samuelbanya/.nvm/versions/node/v16.14.2/lib/node_modules/typescript/lib/lib.es2015.proxy.d.ts","/Users/samuelbanya/.nvm/versions/node/v16.14.2/lib/node_modules/typescript/lib/lib.es2015.reflect.d.ts","/Users/samuelbanya/.nvm/versions/node/v16.14.2/lib/node_modules/typescript/lib/lib.es2015.symbol.d.ts","/Users/samuelbanya/.nvm/versions/node/v16.14.2/lib/node_modules/typescript/lib/lib.es2015.symbol.wellknown.d.ts","/Users/samuelbanya/.nvm/versions/node/v16.14.2/lib/node_modules/typescript/lib/lib.es2016.array.include.d.ts","/Users/samuelbanya/.nvm/versions/node/v16.14.2/lib/node_modules/typescript/lib/lib.es2016.full.d.ts","/Users/samuelbanya/hub/Development/code/phase-2/react-hooks-fetch-crud-lab/src/components/QuestionItem.js"],"compilerOptions":{"module":1,"target":3,"jsx":1,"allowJs":true,"allowSyntheticDefaultImports":true,"allowNonTsExtensions":true,"noEmitForJsFiles":true,"maxNodeModuleJsDepth":2},"typeAcquisition":{"enable":true,"include":[],"exclude":[]},"unresolvedImports":[],"projectRootPath":"/Users/samuelbanya/hub/Development/code/phase-2/react-hooks-fetch-crud-lab/src/components","kind":"discover"}
[15:25:13.985] Explicitly included types: []
[15:25:13.986] Inferred typings from unresolved imports: []
[15:25:13.986] Result: {"cachedTypingPaths":[],"newTypingNames":[],"filesToWatch":["/Users/samuelbanya/hub/Development/code/phase-2/react-hooks-fetch-crud-lab/src/components/bower_components","/Users/samuelbanya/hub/Development/code/phase-2/react-hooks-fetch-crud-lab/src/components/node_modules"]}
[15:25:13.986] Finished typings discovery: {"cachedTypingPaths":[],"newTypingNames":[],"filesToWatch":["/Users/samuelbanya/hub/Development/code/phase-2/react-hooks-fetch-crud-lab/src/components/bower_components","/Users/samuelbanya/hub/Development/code/phase-2/react-hooks-fetch-crud-lab/src/components/node_modules"]}
[15:25:13.986] DirectoryWatcher:: Added:: WatchInfo: /Users/samuelbanya/hub/Development/code/phase-2/react-hooks-fetch-crud-lab/src/components/bower_components
[15:25:13.986] DirectoryWatcher:: Added:: WatchInfo: /Users/samuelbanya/hub/Development/code/phase-2/react-hooks-fetch-crud-lab/src/components/bower_components 1 undefined Project: /dev/null/inferredProject2* watcher already invoked: false
[15:25:13.986] Elapsed:: 0.060954999178647995ms DirectoryWatcher:: Added:: WatchInfo: /Users/samuelbanya/hub/Development/code/phase-2/react-hooks-fetch-crud-lab/src/components/bower_components 1 undefined Project: /dev/null/inferredProject2* watcher already invoked: false
[15:25:13.987] DirectoryWatcher:: Added:: WatchInfo: /Users/samuelbanya/hub/Development/code/phase-2/react-hooks-fetch-crud-lab/src/components/node_modules
[15:25:13.987] DirectoryWatcher:: Added:: WatchInfo: /Users/samuelbanya/hub/Development/code/phase-2/react-hooks-fetch-crud-lab/src/components/node_modules 1 undefined Project: /dev/null/inferredProject2* watcher already invoked: false
[15:25:13.987] Elapsed:: 0.04924100264906883ms DirectoryWatcher:: Added:: WatchInfo: /Users/samuelbanya/hub/Development/code/phase-2/react-hooks-fetch-crud-lab/src/components/node_modules 1 undefined Project: /dev/null/inferredProject2* watcher already invoked: false
[15:25:13.987] Sending response:
    {"projectName":"/dev/null/inferredProject2*","typeAcquisition":{"enable":true,"include":[],"exclude":[]},"compilerOptions":{"module":1,"target":3,"jsx":1,"allowJs":true,"allowSyntheticDefaultImports":true,"allowNonTsExtensions":true,"noEmitForJsFiles":true,"maxNodeModuleJsDepth":2},"typings":[],"unresolvedImports":[],"kind":"action::set"}
[15:25:13.987] Response has been sent.
[15:25:13.987] No new typings were requested as a result of typings discovery
[15:49:12.598] Got install request {"projectName":"/dev/null/inferredProject1*","fileNames":["/Users/samuelbanya/.nvm/versions/node/v16.14.2/lib/node_modules/typescript/lib/lib.es5.d.ts","/Users/samuelbanya/.nvm/versions/node/v16.14.2/lib/node_modules/typescript/lib/lib.es2015.d.ts","/Users/samuelbanya/.nvm/versions/node/v16.14.2/lib/node_modules/typescript/lib/lib.es2016.d.ts","/Users/samuelbanya/.nvm/versions/node/v16.14.2/lib/node_modules/typescript/lib/lib.dom.d.ts","/Users/samuelbanya/.nvm/versions/node/v16.14.2/lib/node_modules/typescript/lib/lib.dom.iterable.d.ts","/Users/samuelbanya/.nvm/versions/node/v16.14.2/lib/node_modules/typescript/lib/lib.webworker.importscripts.d.ts","/Users/samuelbanya/.nvm/versions/node/v16.14.2/lib/node_modules/typescript/lib/lib.scripthost.d.ts","/Users/samuelbanya/.nvm/versions/node/v16.14.2/lib/node_modules/typescript/lib/lib.es2015.core.d.ts","/Users/samuelbanya/.nvm/versions/node/v16.14.2/lib/node_modules/typescript/lib/lib.es2015.collection.d.ts","/Users/samuelbanya/.nvm/versions/node/v16.14.2/lib/node_modules/typescript/lib/lib.es2015.generator.d.ts","/Users/samuelbanya/.nvm/versions/node/v16.14.2/lib/node_modules/typescript/lib/lib.es2015.iterable.d.ts","/Users/samuelbanya/.nvm/versions/node/v16.14.2/lib/node_modules/typescript/lib/lib.es2015.promise.d.ts","/Users/samuelbanya/.nvm/versions/node/v16.14.2/lib/node_modules/typescript/lib/lib.es2015.proxy.d.ts","/Users/samuelbanya/.nvm/versions/node/v16.14.2/lib/node_modules/typescript/lib/lib.es2015.reflect.d.ts","/Users/samuelbanya/.nvm/versions/node/v16.14.2/lib/node_modules/typescript/lib/lib.es2015.symbol.d.ts","/Users/samuelbanya/.nvm/versions/node/v16.14.2/lib/node_modules/typescript/lib/lib.es2015.symbol.wellknown.d.ts","/Users/samuelbanya/.nvm/versions/node/v16.14.2/lib/node_modules/typescript/lib/lib.es2016.array.include.d.ts","/Users/samuelbanya/.nvm/versions/node/v16.14.2/lib/node_modules/typescript/lib/lib.es2016.full.d.ts","/Users/samuelbanya/hub/Development/code/phase-2/react-hooks-fetch-crud-lab/src/components/AdminNavBar.js","/Users/samuelbanya/hub/Development/code/phase-2/react-hooks-fetch-crud-lab/src/components/QuestionForm.js","/Users/samuelbanya/hub/Development/code/phase-2/react-hooks-fetch-crud-lab/src/components/QuestionItem.js","/Users/samuelbanya/hub/Development/code/phase-2/react-hooks-fetch-crud-lab/src/components/QuestionList.js","/Users/samuelbanya/hub/Development/code/phase-2/react-hooks-fetch-crud-lab/src/components/App.js"],"compilerOptions":{"module":1,"target":3,"jsx":1,"allowJs":true,"allowSyntheticDefaultImports":true,"allowNonTsExtensions":true,"noEmitForJsFiles":true,"maxNodeModuleJsDepth":2},"typeAcquisition":{"enable":true,"include":[],"exclude":[]},"unresolvedImports":[],"projectRootPath":"/Users/samuelbanya/hub/Development/code/phase-2/react-hooks-fetch-crud-lab/src/components","kind":"discover"}
[15:49:12.600] Explicitly included types: []
[15:49:12.601] Inferred typings from unresolved imports: []
[15:49:12.601] Result: {"cachedTypingPaths":[],"newTypingNames":[],"filesToWatch":["/Users/samuelbanya/hub/Development/code/phase-2/react-hooks-fetch-crud-lab/src/components/bower_components","/Users/samuelbanya/hub/Development/code/phase-2/react-hooks-fetch-crud-lab/src/components/node_modules"]}
[15:49:12.602] Finished typings discovery: {"cachedTypingPaths":[],"newTypingNames":[],"filesToWatch":["/Users/samuelbanya/hub/Development/code/phase-2/react-hooks-fetch-crud-lab/src/components/bower_components","/Users/samuelbanya/hub/Development/code/phase-2/react-hooks-fetch-crud-lab/src/components/node_modules"]}
[15:49:12.602] Sending response:
    {"projectName":"/dev/null/inferredProject1*","typeAcquisition":{"enable":true,"include":[],"exclude":[]},"compilerOptions":{"module":1,"target":3,"jsx":1,"allowJs":true,"allowSyntheticDefaultImports":true,"allowNonTsExtensions":true,"noEmitForJsFiles":true,"maxNodeModuleJsDepth":2},"typings":[],"unresolvedImports":[],"kind":"action::set"}
[15:49:12.603] Response has been sent.
[15:49:12.603] No new typings were requested as a result of typings discovery
[22:20:51.625] Got install request {"projectName":"/dev/null/inferredProject2*","fileNames":["/Users/samuelbanya/.nvm/versions/node/v16.14.2/lib/node_modules/typescript/lib/lib.es5.d.ts","/Users/samuelbanya/.nvm/versions/node/v16.14.2/lib/node_modules/typescript/lib/lib.es2015.d.ts","/Users/samuelbanya/.nvm/versions/node/v16.14.2/lib/node_modules/typescript/lib/lib.es2016.d.ts","/Users/samuelbanya/.nvm/versions/node/v16.14.2/lib/node_modules/typescript/lib/lib.dom.d.ts","/Users/samuelbanya/.nvm/versions/node/v16.14.2/lib/node_modules/typescript/lib/lib.dom.iterable.d.ts","/Users/samuelbanya/.nvm/versions/node/v16.14.2/lib/node_modules/typescript/lib/lib.webworker.importscripts.d.ts","/Users/samuelbanya/.nvm/versions/node/v16.14.2/lib/node_modules/typescript/lib/lib.scripthost.d.ts","/Users/samuelbanya/.nvm/versions/node/v16.14.2/lib/node_modules/typescript/lib/lib.es2015.core.d.ts","/Users/samuelbanya/.nvm/versions/node/v16.14.2/lib/node_modules/typescript/lib/lib.es2015.collection.d.ts","/Users/samuelbanya/.nvm/versions/node/v16.14.2/lib/node_modules/typescript/lib/lib.es2015.generator.d.ts","/Users/samuelbanya/.nvm/versions/node/v16.14.2/lib/node_modules/typescript/lib/lib.es2015.iterable.d.ts","/Users/samuelbanya/.nvm/versions/node/v16.14.2/lib/node_modules/typescript/lib/lib.es2015.promise.d.ts","/Users/samuelbanya/.nvm/versions/node/v16.14.2/lib/node_modules/typescript/lib/lib.es2015.proxy.d.ts","/Users/samuelbanya/.nvm/versions/node/v16.14.2/lib/node_modules/typescript/lib/lib.es2015.reflect.d.ts","/Users/samuelbanya/.nvm/versions/node/v16.14.2/lib/node_modules/typescript/lib/lib.es2015.symbol.d.ts","/Users/samuelbanya/.nvm/versions/node/v16.14.2/lib/node_modules/typescript/lib/lib.es2015.symbol.wellknown.d.ts","/Users/samuelbanya/.nvm/versions/node/v16.14.2/lib/node_modules/typescript/lib/lib.es2016.array.include.d.ts","/Users/samuelbanya/.nvm/versions/node/v16.14.2/lib/node_modules/typescript/lib/lib.es2016.full.d.ts","/Users/samuelbanya/hub/Development/code/phase-2/react-hooks-fetch-crud-lab/src/components/QuestionItem.js"],"compilerOptions":{"module":1,"target":3,"jsx":1,"allowJs":true,"allowSyntheticDefaultImports":true,"allowNonTsExtensions":true,"noEmitForJsFiles":true,"maxNodeModuleJsDepth":2},"typeAcquisition":{"enable":true,"include":[],"exclude":[]},"unresolvedImports":[],"projectRootPath":"/Users/samuelbanya/hub/Development/code/phase-2/react-hooks-fetch-crud-lab/src/components","kind":"discover"}
[22:20:51.627] Explicitly included types: []
[22:20:51.627] Inferred typings from unresolved imports: []
[22:20:51.627] Result: {"cachedTypingPaths":[],"newTypingNames":[],"filesToWatch":["/Users/samuelbanya/hub/Development/code/phase-2/react-hooks-fetch-crud-lab/src/components/bower_components","/Users/samuelbanya/hub/Development/code/phase-2/react-hooks-fetch-crud-lab/src/components/node_modules"]}
[22:20:51.627] Finished typings discovery: {"cachedTypingPaths":[],"newTypingNames":[],"filesToWatch":["/Users/samuelbanya/hub/Development/code/phase-2/react-hooks-fetch-crud-lab/src/components/bower_components","/Users/samuelbanya/hub/Development/code/phase-2/react-hooks-fetch-crud-lab/src/components/node_modules"]}
[22:20:51.628] Sending response:
    {"projectName":"/dev/null/inferredProject2*","typeAcquisition":{"enable":true,"include":[],"exclude":[]},"compilerOptions":{"module":1,"target":3,"jsx":1,"allowJs":true,"allowSyntheticDefaultImports":true,"allowNonTsExtensions":true,"noEmitForJsFiles":true,"maxNodeModuleJsDepth":2},"typings":[],"unresolvedImports":[],"kind":"action::set"}
[22:20:51.628] Response has been sent.
[22:20:51.628] No new typings were requested as a result of typings discovery
[22:20:51.661] Got install request {"projectName":"/dev/null/inferredProject2*","fileNames":["/Users/samuelbanya/.nvm/versions/node/v16.14.2/lib/node_modules/typescript/lib/lib.es5.d.ts","/Users/samuelbanya/.nvm/versions/node/v16.14.2/lib/node_modules/typescript/lib/lib.es2015.d.ts","/Users/samuelbanya/.nvm/versions/node/v16.14.2/lib/node_modules/typescript/lib/lib.es2016.d.ts","/Users/samuelbanya/.nvm/versions/node/v16.14.2/lib/node_modules/typescript/lib/lib.dom.d.ts","/Users/samuelbanya/.nvm/versions/node/v16.14.2/lib/node_modules/typescript/lib/lib.dom.iterable.d.ts","/Users/samuelbanya/.nvm/versions/node/v16.14.2/lib/node_modules/typescript/lib/lib.webworker.importscripts.d.ts","/Users/samuelbanya/.nvm/versions/node/v16.14.2/lib/node_modules/typescript/lib/lib.scripthost.d.ts","/Users/samuelbanya/.nvm/versions/node/v16.14.2/lib/node_modules/typescript/lib/lib.es2015.core.d.ts","/Users/samuelbanya/.nvm/versions/node/v16.14.2/lib/node_modules/typescript/lib/lib.es2015.collection.d.ts","/Users/samuelbanya/.nvm/versions/node/v16.14.2/lib/node_modules/typescript/lib/lib.es2015.generator.d.ts","/Users/samuelbanya/.nvm/versions/node/v16.14.2/lib/node_modules/typescript/lib/lib.es2015.iterable.d.ts","/Users/samuelbanya/.nvm/versions/node/v16.14.2/lib/node_modules/typescript/lib/lib.es2015.promise.d.ts","/Users/samuelbanya/.nvm/versions/node/v16.14.2/lib/node_modules/typescript/lib/lib.es2015.proxy.d.ts","/Users/samuelbanya/.nvm/versions/node/v16.14.2/lib/node_modules/typescript/lib/lib.es2015.reflect.d.ts","/Users/samuelbanya/.nvm/versions/node/v16.14.2/lib/node_modules/typescript/lib/lib.es2015.symbol.d.ts","/Users/samuelbanya/.nvm/versions/node/v16.14.2/lib/node_modules/typescript/lib/lib.es2015.symbol.wellknown.d.ts","/Users/samuelbanya/.nvm/versions/node/v16.14.2/lib/node_modules/typescript/lib/lib.es2016.array.include.d.ts","/Users/samuelbanya/.nvm/versions/node/v16.14.2/lib/node_modules/typescript/lib/lib.es2016.full.d.ts","/Users/samuelbanya/hub/Development/code/phase-2/react-hooks-fetch-crud-lab/src/components/QuestionItem.js"],"compilerOptions":{"module":1,"target":3,"jsx":1,"allowJs":true,"allowSyntheticDefaultImports":true,"allowNonTsExtensions":true,"noEmitForJsFiles":true,"maxNodeModuleJsDepth":2},"typeAcquisition":{"enable":true,"include":[],"exclude":[]},"unresolvedImports":[],"projectRootPath":"/Users/samuelbanya/hub/Development/code/phase-2/react-hooks-fetch-crud-lab/src/components","kind":"discover"}
[22:20:51.662] Explicitly included types: []
[22:20:51.662] Inferred typings from unresolved imports: []
[22:20:51.663] Result: {"cachedTypingPaths":[],"newTypingNames":[],"filesToWatch":["/Users/samuelbanya/hub/Development/code/phase-2/react-hooks-fetch-crud-lab/src/components/bower_components","/Users/samuelbanya/hub/Development/code/phase-2/react-hooks-fetch-crud-lab/src/components/node_modules"]}
[22:20:51.663] Finished typings discovery: {"cachedTypingPaths":[],"newTypingNames":[],"filesToWatch":["/Users/samuelbanya/hub/Development/code/phase-2/react-hooks-fetch-crud-lab/src/components/bower_components","/Users/samuelbanya/hub/Development/code/phase-2/react-hooks-fetch-crud-lab/src/components/node_modules"]}
[22:20:51.663] Sending response:
    {"projectName":"/dev/null/inferredProject2*","typeAcquisition":{"enable":true,"include":[],"exclude":[]},"compilerOptions":{"module":1,"target":3,"jsx":1,"allowJs":true,"allowSyntheticDefaultImports":true,"allowNonTsExtensions":true,"noEmitForJsFiles":true,"maxNodeModuleJsDepth":2},"typings":[],"unresolvedImports":[],"kind":"action::set"}
[22:20:51.664] Response has been sent.
[22:20:51.664] No new typings were requested as a result of typings discovery
